c:\users\00769111\source\repos\qt_for_detection\x64\release\qrc_qt_for_detection.obj
c:\users\00769111\source\repos\qt_for_detection\x64\release\main.obj
c:\users\00769111\source\repos\qt_for_detection\x64\release\qt_for_detection.obj
c:\users\00769111\source\repos\qt_for_detection\x64\release\moc_qt_for_detection.obj
c:\users\00769111\source\repos\qt_for_detection\x64\release\qt_for_detection.exe
c:\users\00769111\source\repos\qt_for_detection\x64\release\moc\moc_qt_for_detection.cpp
c:\users\00769111\source\repos\qt_for_detection\x64\release\uic\ui_qt_for_detection.h
c:\users\00769111\source\repos\qt_for_detection\x64\release\rcc\qrc_qt_for_detection.cpp
c:\users\00769111\source\repos\qt_for_detection\x64\release\qt5core.dll
c:\users\00769111\source\repos\qt_for_detection\x64\release\qt5gui.dll
c:\users\00769111\source\repos\qt_for_detection\x64\release\qt5svg.dll
c:\users\00769111\source\repos\qt_for_detection\x64\release\qt5widgets.dll
c:\users\00769111\source\repos\qt_for_detection\x64\release\libglesv2.dll
c:\users\00769111\source\repos\qt_for_detection\x64\release\libegl.dll
c:\users\00769111\source\repos\qt_for_detection\x64\release\d3dcompiler_47.dll
c:\users\00769111\source\repos\qt_for_detection\x64\release\opengl32sw.dll
c:\users\00769111\source\repos\qt_for_detection\x64\release\iconengines\qsvgicon.dll
c:\users\00769111\source\repos\qt_for_detection\x64\release\imageformats\qgif.dll
c:\users\00769111\source\repos\qt_for_detection\x64\release\imageformats\qicns.dll
c:\users\00769111\source\repos\qt_for_detection\x64\release\imageformats\qico.dll
c:\users\00769111\source\repos\qt_for_detection\x64\release\imageformats\qjpeg.dll
c:\users\00769111\source\repos\qt_for_detection\x64\release\imageformats\qsvg.dll
c:\users\00769111\source\repos\qt_for_detection\x64\release\imageformats\qtga.dll
c:\users\00769111\source\repos\qt_for_detection\x64\release\imageformats\qtiff.dll
c:\users\00769111\source\repos\qt_for_detection\x64\release\imageformats\qwbmp.dll
c:\users\00769111\source\repos\qt_for_detection\x64\release\imageformats\qwebp.dll
c:\users\00769111\source\repos\qt_for_detection\x64\release\platforms\qwindows.dll
c:\users\00769111\source\repos\qt_for_detection\x64\release\styles\qwindowsvistastyle.dll
c:\users\00769111\source\repos\qt_for_detection\x64\release\translations\qt_ar.qm
c:\users\00769111\source\repos\qt_for_detection\x64\release\translations\qt_bg.qm
c:\users\00769111\source\repos\qt_for_detection\x64\release\translations\qt_ca.qm
c:\users\00769111\source\repos\qt_for_detection\x64\release\translations\qt_cs.qm
c:\users\00769111\source\repos\qt_for_detection\x64\release\translations\qt_da.qm
c:\users\00769111\source\repos\qt_for_detection\x64\release\translations\qt_de.qm
c:\users\00769111\source\repos\qt_for_detection\x64\release\translations\qt_en.qm
c:\users\00769111\source\repos\qt_for_detection\x64\release\translations\qt_es.qm
c:\users\00769111\source\repos\qt_for_detection\x64\release\translations\qt_fi.qm
c:\users\00769111\source\repos\qt_for_detection\x64\release\translations\qt_fr.qm
c:\users\00769111\source\repos\qt_for_detection\x64\release\translations\qt_gd.qm
c:\users\00769111\source\repos\qt_for_detection\x64\release\translations\qt_he.qm
c:\users\00769111\source\repos\qt_for_detection\x64\release\translations\qt_hu.qm
c:\users\00769111\source\repos\qt_for_detection\x64\release\translations\qt_it.qm
c:\users\00769111\source\repos\qt_for_detection\x64\release\translations\qt_ja.qm
c:\users\00769111\source\repos\qt_for_detection\x64\release\windeployqt.log
c:\users\00769111\source\repos\qt_for_detection\x64\release\qt_for_detection.tlog\cl.command.1.tlog
c:\users\00769111\source\repos\qt_for_detection\x64\release\qt_for_detection.tlog\cl.read.1.tlog
c:\users\00769111\source\repos\qt_for_detection\x64\release\qt_for_detection.tlog\cl.write.1.tlog
c:\users\00769111\source\repos\qt_for_detection\x64\release\qt_for_detection.tlog\link.command.1.tlog
c:\users\00769111\source\repos\qt_for_detection\x64\release\qt_for_detection.tlog\link.read.1.tlog
c:\users\00769111\source\repos\qt_for_detection\x64\release\qt_for_detection.tlog\link.write.1.tlog
c:\users\00769111\source\repos\qt_for_detection\x64\release\qt_for_detection.tlog\moc.read.1u.tlog
c:\users\00769111\source\repos\qt_for_detection\x64\release\qt_for_detection.tlog\moc.write.1u.tlog
c:\users\00769111\source\repos\qt_for_detection\x64\release\qt_for_detection.tlog\qt_for_detection.write.1u.tlog
c:\users\00769111\source\repos\qt_for_detection\x64\release\qt_for_detection.tlog\rcc.read.1u.tlog
c:\users\00769111\source\repos\qt_for_detection\x64\release\qt_for_detection.tlog\rcc.write.1u.tlog
c:\users\00769111\source\repos\qt_for_detection\x64\release\qt_for_detection.tlog\uic.read.1u.tlog
c:\users\00769111\source\repos\qt_for_detection\x64\release\qt_for_detection.tlog\uic.write.1u.tlog
c:\users\00769111\source\repos\qt_for_detection\x64\release\qt_for_detection.tlog\windeployqt.read.1u.tlog
c:\users\00769111\source\repos\qt_for_detection\x64\release\qt_for_detection.tlog\windeployqt.write.1u.tlog
