C:\Users\00769111\source\repos\qt_for_detection\x64\Release\\Qt5Core.dll
C:\Users\00769111\source\repos\qt_for_detection\x64\Release\\Qt5Gui.dll
C:\Users\00769111\source\repos\qt_for_detection\x64\Release\\Qt5Svg.dll
C:\Users\00769111\source\repos\qt_for_detection\x64\Release\\Qt5Widgets.dll
C:\Users\00769111\source\repos\qt_for_detection\x64\Release\\libGLESV2.dll
C:\Users\00769111\source\repos\qt_for_detection\x64\Release\\libEGL.dll
C:\Users\00769111\source\repos\qt_for_detection\x64\Release\\D3Dcompiler_47.dll
C:\Users\00769111\source\repos\qt_for_detection\x64\Release\\opengl32sw.dll
C:\Users\00769111\source\repos\qt_for_detection\x64\Release\iconengines\qsvgicon.dll
C:\Users\00769111\source\repos\qt_for_detection\x64\Release\imageformats\qgif.dll
C:\Users\00769111\source\repos\qt_for_detection\x64\Release\imageformats\qicns.dll
C:\Users\00769111\source\repos\qt_for_detection\x64\Release\imageformats\qico.dll
C:\Users\00769111\source\repos\qt_for_detection\x64\Release\imageformats\qjpeg.dll
C:\Users\00769111\source\repos\qt_for_detection\x64\Release\imageformats\qsvg.dll
C:\Users\00769111\source\repos\qt_for_detection\x64\Release\imageformats\qtga.dll
C:\Users\00769111\source\repos\qt_for_detection\x64\Release\imageformats\qtiff.dll
C:\Users\00769111\source\repos\qt_for_detection\x64\Release\imageformats\qwbmp.dll
C:\Users\00769111\source\repos\qt_for_detection\x64\Release\imageformats\qwebp.dll
C:\Users\00769111\source\repos\qt_for_detection\x64\Release\platforms\qwindows.dll
C:\Users\00769111\source\repos\qt_for_detection\x64\Release\styles\qwindowsvistastyle.dll
C:\Users\00769111\source\repos\qt_for_detection\x64\Release\translations\qt_ar.qm
C:\Users\00769111\source\repos\qt_for_detection\x64\Release\translations\qtbase_ar.qm
C:\Users\00769111\source\repos\qt_for_detection\x64\Release\translations\qt_bg.qm
C:\Users\00769111\source\repos\qt_for_detection\x64\Release\translations\qtbase_bg.qm
C:\Users\00769111\source\repos\qt_for_detection\x64\Release\translations\qt_ca.qm
C:\Users\00769111\source\repos\qt_for_detection\x64\Release\translations\qtbase_ca.qm
C:\Users\00769111\source\repos\qt_for_detection\x64\Release\translations\qt_cs.qm
C:\Users\00769111\source\repos\qt_for_detection\x64\Release\translations\qtbase_cs.qm
C:\Users\00769111\source\repos\qt_for_detection\x64\Release\translations\qt_da.qm
C:\Users\00769111\source\repos\qt_for_detection\x64\Release\translations\qtbase_da.qm
C:\Users\00769111\source\repos\qt_for_detection\x64\Release\translations\qt_de.qm
C:\Users\00769111\source\repos\qt_for_detection\x64\Release\translations\qtbase_de.qm
C:\Users\00769111\source\repos\qt_for_detection\x64\Release\translations\qt_en.qm
C:\Users\00769111\source\repos\qt_for_detection\x64\Release\translations\qtbase_en.qm
C:\Users\00769111\source\repos\qt_for_detection\x64\Release\translations\qt_es.qm
C:\Users\00769111\source\repos\qt_for_detection\x64\Release\translations\qtbase_es.qm
C:\Users\00769111\source\repos\qt_for_detection\x64\Release\translations\qt_fi.qm
C:\Users\00769111\source\repos\qt_for_detection\x64\Release\translations\qtbase_fi.qm
C:\Users\00769111\source\repos\qt_for_detection\x64\Release\translations\qt_fr.qm
C:\Users\00769111\source\repos\qt_for_detection\x64\Release\translations\qtbase_fr.qm
C:\Users\00769111\source\repos\qt_for_detection\x64\Release\translations\qt_gd.qm
C:\Users\00769111\source\repos\qt_for_detection\x64\Release\translations\qtbase_gd.qm
C:\Users\00769111\source\repos\qt_for_detection\x64\Release\translations\qt_he.qm
C:\Users\00769111\source\repos\qt_for_detection\x64\Release\translations\qtbase_he.qm
C:\Users\00769111\source\repos\qt_for_detection\x64\Release\translations\qt_hu.qm
C:\Users\00769111\source\repos\qt_for_detection\x64\Release\translations\qtbase_hu.qm
C:\Users\00769111\source\repos\qt_for_detection\x64\Release\translations\qt_it.qm
C:\Users\00769111\source\repos\qt_for_detection\x64\Release\translations\qtbase_it.qm
C:\Users\00769111\source\repos\qt_for_detection\x64\Release\translations\qt_ja.qm
C:\Users\00769111\source\repos\qt_for_detection\x64\Release\trans